This is pdfTeX, Version 3.141592653-2.6-1.40.26 (TeX Live 2024) (preloaded format=pdflatex 2024.10.21)  22 OCT 2024 19:27
entering extended mode
 restricted \write18 enabled.
 file:line:error style messages enabled.
 %&-line parsing enabled.
**c:/Users/erick/Downloads/melanoma_classification_ai/Relatorio/relatorio.tex
(c:/Users/erick/Downloads/melanoma_classification_ai/Relatorio/relatorio.tex
LaTeX2e <2024-06-01> patch level 2
L3 programming layer <2024-09-10>
(c:/texlive/2024/texmf-dist/tex/latex/base/article.cls
Document Class: article 2024/02/08 v1.4n Standard LaTeX document class
(c:/texlive/2024/texmf-dist/tex/latex/base/size12.clo
File: size12.clo 2024/02/08 v1.4n Standard LaTeX file (size option)
)
\c@part=\count194
\c@section=\count195
\c@subsection=\count196
\c@subsubsection=\count197
\c@paragraph=\count198
\c@subparagraph=\count199
\c@figure=\count266
\c@table=\count267
\abovecaptionskip=\skip49
\belowcaptionskip=\skip50
\bibindent=\dimen141
) (c:/texlive/2024/texmf-dist/tex/latex/base/inputenc.sty
Package: inputenc 2024/02/08 v1.3d Input encoding file
\inpenc@prehook=\toks17
\inpenc@posthook=\toks18
)
c:/Users/erick/Downloads/melanoma_classification_ai/Relatorio/relatorio.tex:29: Undefined control sequence.
l.29 \address
             {Instituto de Informática -- Universidade Federal do Rio Grand...
The control sequence at the end of the top line
of your error message was never \def'ed. If you have
misspelled it (e.g., `\hobx'), type `I' and the correct
spelling (e.g., `I\hbox'). Otherwise just continue,
and I'll forget about whatever was undefined.


c:/Users/erick/Downloads/melanoma_classification_ai/Relatorio/relatorio.tex:29: LaTeX Error: Missing \begin{document}.

See the LaTeX manual or LaTeX Companion for explanation.
Type  H <return>  for immediate help.
 ...                                              
                                                  
l.29 \address{I
               nstituto de Informática -- Universidade Federal do Rio Grand...
You're in trouble here.  Try typing  <return>  to proceed.
If that doesn't work, type  X <return>  to quit.

c:/Users/erick/Downloads/melanoma_classification_ai/Relatorio/relatorio.tex:32: Undefined control sequence.
l.32 \nextinstitute
                   
The control sequence at the end of the top line
of your error message was never \def'ed. If you have
misspelled it (e.g., `\hobx'), type `I' and the correct
spelling (e.g., `I\hbox'). Otherwise just continue,
and I'll forget about whatever was undefined.

c:/Users/erick/Downloads/melanoma_classification_ai/Relatorio/relatorio.tex:35: Undefined control sequence.
l.35 \nextinstitute
                   
The control sequence at the end of the top line
of your error message was never \def'ed. If you have
misspelled it (e.g., `\hobx'), type `I' and the correct
spelling (e.g., `I\hbox'). Otherwise just continue,
and I'll forget about whatever was undefined.

c:/Users/erick/Downloads/melanoma_classification_ai/Relatorio/relatorio.tex:38: Undefined control sequence.
l.38   \email
             {\{nedel,flavio\}@inf.ufrgs.br, R.Bordini@durham.ac.uk,
The control sequence at the end of the top line
of your error message was never \def'ed. If you have
misspelled it (e.g., `\hobx'), type `I' and the correct
spelling (e.g., `I\hbox'). Otherwise just continue,
and I'll forget about whatever was undefined.

LaTeX Font Info:    Trying to load font information for OMS+cmr on input line 38.
(c:/texlive/2024/texmf-dist/tex/latex/base/omscmr.fd
File: omscmr.fd 2023/04/13 v2.5m Standard LaTeX font definitions
)
LaTeX Font Info:    Font shape `OMS/cmr/m/n' in size <12> not available
(Font)              Font shape `OMS/cmsy/m/n' tried instead on input line 38.
 (c:/texlive/2024/texmf-dist/tex/latex/l3backend/l3backend-pdftex.def
File: l3backend-pdftex.def 2024-05-08 L3 backend support: PDF output (pdfTeX)
\l__color_backend_stack_int=\count268
\l__pdf_internal_box=\box52
) (./relatorio.aux)
\openout1 = `relatorio.aux'.

LaTeX Font Info:    Checking defaults for OML/cmm/m/it on input line 42.
LaTeX Font Info:    ... okay on input line 42.
LaTeX Font Info:    Checking defaults for OMS/cmsy/m/n on input line 42.
LaTeX Font Info:    ... okay on input line 42.
LaTeX Font Info:    Checking defaults for OT1/cmr/m/n on input line 42.
LaTeX Font Info:    ... okay on input line 42.
LaTeX Font Info:    Checking defaults for T1/cmr/m/n on input line 42.
LaTeX Font Info:    ... okay on input line 42.
LaTeX Font Info:    Checking defaults for TS1/cmr/m/n on input line 42.
LaTeX Font Info:    ... okay on input line 42.
LaTeX Font Info:    Checking defaults for OMX/cmex/m/n on input line 42.
LaTeX Font Info:    ... okay on input line 42.
LaTeX Font Info:    Checking defaults for U/cmr/m/n on input line 42.
LaTeX Font Info:    ... okay on input line 42.


[1

{c:/texlive/2024/texmf-var/fonts/map/pdftex/updmap/pdftex.map}]
LaTeX Font Info:    External font `cmex10' loaded for size
(Font)              <14.4> on input line 44.
LaTeX Font Info:    External font `cmex10' loaded for size
(Font)              <7> on input line 44.

c:/Users/erick/Downloads/melanoma_classification_ai/Relatorio/relatorio.tex:44: Undefined control sequence.
\@author ->Luciana P. Nedel\inst 
                                 {1}, Rafael H. Bordini\inst {2}, Flávio Re...
l.44 \maketitle
               
The control sequence at the end of the top line
of your error message was never \def'ed. If you have
misspelled it (e.g., `\hobx'), type `I' and the correct
spelling (e.g., `I\hbox'). Otherwise just continue,
and I'll forget about whatever was undefined.

c:/Users/erick/Downloads/melanoma_classification_ai/Relatorio/relatorio.tex:44: Undefined control sequence.
\@author ...edel\inst {1}, Rafael H. Bordini\inst 
                                                  {2}, Flávio Rech Wagner\i...
l.44 \maketitle
               
The control sequence at the end of the top line
of your error message was never \def'ed. If you have
misspelled it (e.g., `\hobx'), type `I' and the correct
spelling (e.g., `I\hbox'). Otherwise just continue,
and I'll forget about whatever was undefined.

c:/Users/erick/Downloads/melanoma_classification_ai/Relatorio/relatorio.tex:44: Undefined control sequence.
\@author ...ni\inst {2}, Flávio Rech Wagner\inst 
                                                  {1}, Jomi F. Hübner\inst ...
l.44 \maketitle
               
The control sequence at the end of the top line
of your error message was never \def'ed. If you have
misspelled it (e.g., `\hobx'), type `I' and the correct
spelling (e.g., `I\hbox'). Otherwise just continue,
and I'll forget about whatever was undefined.

c:/Users/erick/Downloads/melanoma_classification_ai/Relatorio/relatorio.tex:44: Undefined control sequence.
\@author ...Wagner\inst {1}, Jomi F. Hübner\inst 
                                                  {3} 
l.44 \maketitle
               
The control sequence at the end of the top line
of your error message was never \def'ed. If you have
misspelled it (e.g., `\hobx'), type `I' and the correct
spelling (e.g., `I\hbox'). Otherwise just continue,
and I'll forget about whatever was undefined.


Overfull \hbox (113.88728pt too wide) in paragraph at lines 44--44
 [][] 
 []


c:/Users/erick/Downloads/melanoma_classification_ai/Relatorio/relatorio.tex:54: LaTeX Error: Environment resumo undefined.

See the LaTeX manual or LaTeX Companion for explanation.
Type  H <return>  for immediate help.
 ...                                              
                                                  
l.54 \begin{resumo}
                   
Your command was ignored.
Type  I <command> <return>  to replace it with another command,
or  <return>  to continue without it.


c:/Users/erick/Downloads/melanoma_classification_ai/Relatorio/relatorio.tex:62: LaTeX Error: \begin{document} ended by \end{resumo}.

See the LaTeX manual or LaTeX Companion for explanation.
Type  H <return>  for immediate help.
 ...                                              
                                                  
l.62 \end{resumo}
                 
Your command was ignored.
Type  I <command> <return>  to replace it with another command,
or  <return>  to continue without it.



[2]

LaTeX Warning: Reference `fig:exampleFig1' on page 3 undefined on input line 117.


LaTeX Warning: Reference `fig:exampleFig2' on page 3 undefined on input line 118.



[3]
c:/Users/erick/Downloads/melanoma_classification_ai/Relatorio/relatorio.tex:124: Undefined control sequence.
l.124 \includegraphics
                      [width=.5\textwidth]{fig1.jpg}
The control sequence at the end of the top line
of your error message was never \def'ed. If you have
misspelled it (e.g., `\hobx'), type `I' and the correct
spelling (e.g., `I\hbox'). Otherwise just continue,
and I'll forget about whatever was undefined.

c:/Users/erick/Downloads/melanoma_classification_ai/Relatorio/relatorio.tex:124: Missing number, treated as zero.
<to be read again> 
                   ]
l.124 \includegraphics[width=.5\textwidth]
                                          {fig1.jpg}
A number should have been here; I inserted `0'.
(If you can't figure out why I needed to see a number,
look up `weird error' in the index to The TeXbook.)

c:/Users/erick/Downloads/melanoma_classification_ai/Relatorio/relatorio.tex:124: Illegal unit of measure (pt inserted).
<to be read again> 
                   ]
l.124 \includegraphics[width=.5\textwidth]
                                          {fig1.jpg}
Dimensions can be in units of em, ex, in, pt, pc,
cm, mm, dd, cc, nd, nc, bp, or sp; but yours is a new one!
I'll assume that you meant to say pt, for printer's points.
To recover gracefully from this error, it's best to
delete the erroneous units; e.g., type `2' to delete
two letters. (See Chapter 27 of The TeXbook.)

c:/Users/erick/Downloads/melanoma_classification_ai/Relatorio/relatorio.tex:131: Undefined control sequence.
l.131 \includegraphics
                      [width=.3\textwidth]{fig2.jpg}
The control sequence at the end of the top line
of your error message was never \def'ed. If you have
misspelled it (e.g., `\hobx'), type `I' and the correct
spelling (e.g., `I\hbox'). Otherwise just continue,
and I'll forget about whatever was undefined.

c:/Users/erick/Downloads/melanoma_classification_ai/Relatorio/relatorio.tex:131: Missing number, treated as zero.
<to be read again> 
                   ]
l.131 \includegraphics[width=.3\textwidth]
                                          {fig2.jpg}
A number should have been here; I inserted `0'.
(If you can't figure out why I needed to see a number,
look up `weird error' in the index to The TeXbook.)

c:/Users/erick/Downloads/melanoma_classification_ai/Relatorio/relatorio.tex:131: Illegal unit of measure (pt inserted).
<to be read again> 
                   ]
l.131 \includegraphics[width=.3\textwidth]
                                          {fig2.jpg}
Dimensions can be in units of em, ex, in, pt, pc,
cm, mm, dd, cc, nd, nc, bp, or sp; but yours is a new one!
I'll assume that you meant to say pt, for printer's points.
To recover gracefully from this error, it's best to
delete the erroneous units; e.g., type `2' to delete
two letters. (See Chapter 27 of The TeXbook.)


LaTeX Warning: Reference `sec:figs' on page 4 undefined on input line 133.


LaTeX Warning: Reference `sec:figs' on page 4 undefined on input line 133.

c:/Users/erick/Downloads/melanoma_classification_ai/Relatorio/relatorio.tex:149: Undefined control sequence.
l.149 \includegraphics
                      [width=.7\textwidth]{table.jpg}
The control sequence at the end of the top line
of your error message was never \def'ed. If you have
misspelled it (e.g., `\hobx'), type `I' and the correct
spelling (e.g., `I\hbox'). Otherwise just continue,
and I'll forget about whatever was undefined.

c:/Users/erick/Downloads/melanoma_classification_ai/Relatorio/relatorio.tex:149: Missing number, treated as zero.
<to be read again> 
                   ]
l.149 \includegraphics[width=.7\textwidth]
                                          {table.jpg}
A number should have been here; I inserted `0'.
(If you can't figure out why I needed to see a number,
look up `weird error' in the index to The TeXbook.)

c:/Users/erick/Downloads/melanoma_classification_ai/Relatorio/relatorio.tex:149: Illegal unit of measure (pt inserted).
<to be read again> 
                   ]
l.149 \includegraphics[width=.7\textwidth]
                                          {table.jpg}
Dimensions can be in units of em, ex, in, pt, pc,
cm, mm, dd, cc, nd, nc, bp, or sp; but yours is a new one!
I'll assume that you meant to say pt, for printer's points.
To recover gracefully from this error, it's best to
delete the erroneous units; e.g., type `2' to delete
two letters. (See Chapter 27 of The TeXbook.)


LaTeX Warning: Citation `knuth:84' on page 4 undefined on input line 164.


LaTeX Warning: Citation `boulic:91' on page 4 undefined on input line 165.


LaTeX Warning: Citation `smith:99' on page 4 undefined on input line 165.



[4]
No file relatorio.bbl.


[5] (./relatorio.aux)
 ***********
LaTeX2e <2024-06-01> patch level 2
L3 programming layer <2024-09-10>
 ***********


LaTeX Warning: There were undefined references.


LaTeX Warning: Label(s) may have changed. Rerun to get cross-references right.

 ) 
Here is how much of TeX's memory you used:
 525 strings out of 473579
 10198 string characters out of 5732262
 399126 words of memory out of 5000000
 23491 multiletter control sequences out of 15000+600000
 561664 words of font info for 48 fonts, out of 8000000 for 9000
 1141 hyphenation exceptions out of 8191
 35i,7n,50p,345b,222s stack positions out of 10000i,1000n,20000p,200000b,200000s
<c:/texlive/2024/texmf-dist/fonts/type1/public/amsfonts/cm/cmbx10.pfb><c:/texlive/2024/texmf-dist/fonts/type1/public/amsfonts/cm/cmbx12.pfb><c:/texlive/2024/texmf-dist/fonts/type1/public/amsfonts/cm/cmr10.pfb><c:/texlive/2024/texmf-dist/fonts/type1/public/amsfonts/cm/cmr12.pfb><c:/texlive/2024/texmf-dist/fonts/type1/public/amsfonts/cm/cmr17.pfb><c:/texlive/2024/texmf-dist/fonts/type1/public/amsfonts/cm/cmsy10.pfb>
Output written on relatorio.pdf (5 pages, 92988 bytes).
PDF statistics:
 50 PDF objects out of 1000 (max. 8388607)
 30 compressed objects within 1 object stream
 0 named destinations out of 1000 (max. 500000)
 1 words of extra memory for PDF output out of 10000 (max. 10000000)

